Initializing error report...
 1   Model (
 2           Model_Name  => System,
 3           Model_Date  => 2000-01-01);
 5   Processing_Resource (
 6         Type 			            => Fixed_Priority_Processor,
 7         Name 			            => proc0,
 8         Max_Priority		        => 500,
 9         Min_Priority		        =>  1,
 10        Max_Interrupt_Priority	    => 512,
 11        Min_Interrupt_Priority	    => 501);
 13  Processing_Resource (
 14        Type 			            => Fixed_Priority_Processor,
 15        Name 			            => proc1,
 16        Max_Priority		        => 500,
 17        Min_Priority		        =>  1,
 18        Max_Interrupt_Priority	    => 512,
 19        Min_Interrupt_Priority	    => 501);
 21  Processing_Resource (
 22        Type 			            => Fixed_Priority_Processor,
 23        Name 			            => proc2,
 24        Max_Priority		        => 500,
 25        Min_Priority		        =>  1,
 26        Max_Interrupt_Priority	    => 512,
 27        Min_Interrupt_Priority	    => 501);
 29  Processing_Resource (
 30        Type 			            => Fixed_Priority_Processor,
 31        Name 			            => proc3,
 32        Max_Priority		        => 500,
 33        Min_Priority		        =>  1,
 34        Max_Interrupt_Priority	    => 512,
 35        Min_Interrupt_Priority	    => 501);
 37  Processing_Resource (
 38        Type 			            => Fixed_Priority_Processor,
 39        Name 			            => proc4,
 40        Max_Priority		        => 500,
 41        Min_Priority		        =>  1,
 42        Max_Interrupt_Priority	    => 512,
 43        Min_Interrupt_Priority	    => 501);
 45  Scheduling_Server (
 46          Type				=> Fixed_Priority,
 47          Name 				=> task0_0,
 48          Server_Sched_Parameters		=> (
 49                  Type		=> Fixed_Priority_policy,
 50                  The_Priority	=> 36,
 51                  Preassigned		=> no),
 52          Server_Processing_Resource	=> proc1);
 54  Scheduling_Server (
 55          Type				=> Fixed_Priority,
 56          Name 				=> task0_1,
 57          Server_Sched_Parameters		=> (
 58                  Type		=> Fixed_Priority_policy,
 59                  The_Priority	=> 1,
 60                  Preassigned		=> no),
 61          Server_Processing_Resource	=> proc0);
 63  Scheduling_Server (
 64          Type				=> Fixed_Priority,
 65          Name 				=> task0_2,
 66          Server_Sched_Parameters		=> (
 67                  Type		=> Fixed_Priority_policy,
 68                  The_Priority	=> 46,
 69                  Preassigned		=> no),
 70          Server_Processing_Resource	=> proc1);
 72  Scheduling_Server (
 73          Type				=> Fixed_Priority,
 74          Name 				=> task0_3,
 75          Server_Sched_Parameters		=> (
 76                  Type		=> Fixed_Priority_policy,
 77                  The_Priority	=> 57,
 78                  Preassigned		=> no),
 79          Server_Processing_Resource	=> proc4);
 81  Scheduling_Server (
 82          Type				=> Fixed_Priority,
 83          Name 				=> task0_4,
 84          Server_Sched_Parameters		=> (
 85                  Type		=> Fixed_Priority_policy,
 86                  The_Priority	=> 21,
 87                  Preassigned		=> no),
 88          Server_Processing_Resource	=> proc3);
 90  Scheduling_Server (
 91          Type				=> Fixed_Priority,
 92          Name 				=> task0_5,
 93          Server_Sched_Parameters		=> (
 94                  Type		=> Fixed_Priority_policy,
 95                  The_Priority	=> 22,
 96                  Preassigned		=> no),
 97          Server_Processing_Resource	=> proc0);
 99  Scheduling_Server (
 100         Type				=> Fixed_Priority,
 101         Name 				=> task0_6,
 102         Server_Sched_Parameters		=> (
 103                 Type		=> Fixed_Priority_policy,
 104                 The_Priority	=> 16,
 105                 Preassigned		=> no),
 106         Server_Processing_Resource	=> proc1);
 108 Scheduling_Server (
 109         Type				=> Fixed_Priority,
 110         Name 				=> task0_7,
 111         Server_Sched_Parameters		=> (
 112                 Type		=> Fixed_Priority_policy,
 113                 The_Priority	=> 47,
 114                 Preassigned		=> no),
 115         Server_Processing_Resource	=> proc0);
 117 Scheduling_Server (
 118         Type				=> Fixed_Priority,
 119         Name 				=> task1_0,
 120         Server_Sched_Parameters		=> (
 121                 Type		=> Fixed_Priority_policy,
 122                 The_Priority	=> 58,
 123                 Preassigned		=> no),
 124         Server_Processing_Resource	=> proc2);
 126 Scheduling_Server (
 127         Type				=> Fixed_Priority,
 128         Name 				=> task1_1,
 129         Server_Sched_Parameters		=> (
 130                 Type		=> Fixed_Priority_policy,
 131                 The_Priority	=> 26,
 132                 Preassigned		=> no),
 133         Server_Processing_Resource	=> proc3);
 135 Scheduling_Server (
 136         Type				=> Fixed_Priority,
 137         Name 				=> task1_2,
 138         Server_Sched_Parameters		=> (
 139                 Type		=> Fixed_Priority_policy,
 140                 The_Priority	=> 23,
 141                 Preassigned		=> no),
 142         Server_Processing_Resource	=> proc4);
 144 Scheduling_Server (
 145         Type				=> Fixed_Priority,
 146         Name 				=> task1_3,
 147         Server_Sched_Parameters		=> (
 148                 Type		=> Fixed_Priority_policy,
 149                 The_Priority	=> 31,
 150                 Preassigned		=> no),
 151         Server_Processing_Resource	=> proc0);
 153 Scheduling_Server (
 154         Type				=> Fixed_Priority,
 155         Name 				=> task1_4,
 156         Server_Sched_Parameters		=> (
 157                 Type		=> Fixed_Priority_policy,
 158                 The_Priority	=> 63,
 159                 Preassigned		=> no),
 160         Server_Processing_Resource	=> proc4);
 162 Scheduling_Server (
 163         Type				=> Fixed_Priority,
 164         Name 				=> task1_5,
 165         Server_Sched_Parameters		=> (
 166                 Type		=> Fixed_Priority_policy,
 167                 The_Priority	=> 64,
 168                 Preassigned		=> no),
 169         Server_Processing_Resource	=> proc1);
 171 Scheduling_Server (
 172         Type				=> Fixed_Priority,
 173         Name 				=> task1_6,
 174         Server_Sched_Parameters		=> (
 175                 Type		=> Fixed_Priority_policy,
 176                 The_Priority	=> 6,
 177                 Preassigned		=> no),
 178         Server_Processing_Resource	=> proc3);
 180 Scheduling_Server (
 181         Type				=> Fixed_Priority,
 182         Name 				=> task1_7,
 183         Server_Sched_Parameters		=> (
 184                 Type		=> Fixed_Priority_policy,
 185                 The_Priority	=> 24,
 186                 Preassigned		=> no),
 187         Server_Processing_Resource	=> proc2);
 189 Scheduling_Server (
 190         Type				=> Fixed_Priority,
 191         Name 				=> task2_0,
 192         Server_Sched_Parameters		=> (
 193                 Type		=> Fixed_Priority_policy,
 194                 The_Priority	=> 54,
 195                 Preassigned		=> no),
 196         Server_Processing_Resource	=> proc4);
 198 Scheduling_Server (
 199         Type				=> Fixed_Priority,
 200         Name 				=> task2_1,
 201         Server_Sched_Parameters		=> (
 202                 Type		=> Fixed_Priority_policy,
 203                 The_Priority	=> 27,
 204                 Preassigned		=> no),
 205         Server_Processing_Resource	=> proc1);
 207 Scheduling_Server (
 208         Type				=> Fixed_Priority,
 209         Name 				=> task2_2,
 210         Server_Sched_Parameters		=> (
 211                 Type		=> Fixed_Priority_policy,
 212                 The_Priority	=> 11,
 213                 Preassigned		=> no),
 214         Server_Processing_Resource	=> proc4);
 216 Scheduling_Server (
 217         Type				=> Fixed_Priority,
 218         Name 				=> task2_3,
 219         Server_Sched_Parameters		=> (
 220                 Type		=> Fixed_Priority_policy,
 221                 The_Priority	=> 55,
 222                 Preassigned		=> no),
 223         Server_Processing_Resource	=> proc2);
 225 Scheduling_Server (
 226         Type				=> Fixed_Priority,
 227         Name 				=> task2_4,
 228         Server_Sched_Parameters		=> (
 229                 Type		=> Fixed_Priority_policy,
 230                 The_Priority	=> 17,
 231                 Preassigned		=> no),
 232         Server_Processing_Resource	=> proc3);
 234 Scheduling_Server (
 235         Type				=> Fixed_Priority,
 236         Name 				=> task2_5,
 237         Server_Sched_Parameters		=> (
 238                 Type		=> Fixed_Priority_policy,
 239                 The_Priority	=> 28,
 240                 Preassigned		=> no),
 241         Server_Processing_Resource	=> proc2);
 243 Scheduling_Server (
 244         Type				=> Fixed_Priority,
 245         Name 				=> task2_6,
 246         Server_Sched_Parameters		=> (
 247                 Type		=> Fixed_Priority_policy,
 248                 The_Priority	=> 7,
 249                 Preassigned		=> no),
 250         Server_Processing_Resource	=> proc2);
 252 Scheduling_Server (
 253         Type				=> Fixed_Priority,
 254         Name 				=> task2_7,
 255         Server_Sched_Parameters		=> (
 256                 Type		=> Fixed_Priority_policy,
 257                 The_Priority	=> 32,
 258                 Preassigned		=> no),
 259         Server_Processing_Resource	=> proc1);
 261 Scheduling_Server (
 262         Type				=> Fixed_Priority,
 263         Name 				=> task3_0,
 264         Server_Sched_Parameters		=> (
 265                 Type		=> Fixed_Priority_policy,
 266                 The_Priority	=> 60,
 267                 Preassigned		=> no),
 268         Server_Processing_Resource	=> proc1);
 270 Scheduling_Server (
 271         Type				=> Fixed_Priority,
 272         Name 				=> task3_1,
 273         Server_Sched_Parameters		=> (
 274                 Type		=> Fixed_Priority_policy,
 275                 The_Priority	=> 37,
 276                 Preassigned		=> no),
 277         Server_Processing_Resource	=> proc3);
 279 Scheduling_Server (
 280         Type				=> Fixed_Priority,
 281         Name 				=> task3_2,
 282         Server_Sched_Parameters		=> (
 283                 Type		=> Fixed_Priority_policy,
 284                 The_Priority	=> 29,
 285                 Preassigned		=> no),
 286         Server_Processing_Resource	=> proc4);
 288 Scheduling_Server (
 289         Type				=> Fixed_Priority,
 290         Name 				=> task3_3,
 291         Server_Sched_Parameters		=> (
 292                 Type		=> Fixed_Priority_policy,
 293                 The_Priority	=> 12,
 294                 Preassigned		=> no),
 295         Server_Processing_Resource	=> proc3);
 297 Scheduling_Server (
 298         Type				=> Fixed_Priority,
 299         Name 				=> task3_4,
 300         Server_Sched_Parameters		=> (
 301                 Type		=> Fixed_Priority_policy,
 302                 The_Priority	=> 48,
 303                 Preassigned		=> no),
 304         Server_Processing_Resource	=> proc4);
 306 Scheduling_Server (
 307         Type				=> Fixed_Priority,
 308         Name 				=> task3_5,
 309         Server_Sched_Parameters		=> (
 310                 Type		=> Fixed_Priority_policy,
 311                 The_Priority	=> 18,
 312                 Preassigned		=> no),
 313         Server_Processing_Resource	=> proc0);
 315 Scheduling_Server (
 316         Type				=> Fixed_Priority,
 317         Name 				=> task3_6,
 318         Server_Sched_Parameters		=> (
 319                 Type		=> Fixed_Priority_policy,
 320                 The_Priority	=> 2,
 321                 Preassigned		=> no),
 322         Server_Processing_Resource	=> proc2);
 324 Scheduling_Server (
 325         Type				=> Fixed_Priority,
 326         Name 				=> task3_7,
 327         Server_Sched_Parameters		=> (
 328                 Type		=> Fixed_Priority_policy,
 329                 The_Priority	=> 13,
 330                 Preassigned		=> no),
 331         Server_Processing_Resource	=> proc2);
 333 Scheduling_Server (
 334         Type				=> Fixed_Priority,
 335         Name 				=> task4_0,
 336         Server_Sched_Parameters		=> (
 337                 Type		=> Fixed_Priority_policy,
 338                 The_Priority	=> 50,
 339                 Preassigned		=> no),
 340         Server_Processing_Resource	=> proc4);
 342 Scheduling_Server (
 343         Type				=> Fixed_Priority,
 344         Name 				=> task4_1,
 345         Server_Sched_Parameters		=> (
 346                 Type		=> Fixed_Priority_policy,
 347                 The_Priority	=> 61,
 348                 Preassigned		=> no),
 349         Server_Processing_Resource	=> proc2);
 351 Scheduling_Server (
 352         Type				=> Fixed_Priority,
 353         Name 				=> task4_2,
 354         Server_Sched_Parameters		=> (
 355                 Type		=> Fixed_Priority_policy,
 356                 The_Priority	=> 41,
 357                 Preassigned		=> no),
 358         Server_Processing_Resource	=> proc3);
 360 Scheduling_Server (
 361         Type				=> Fixed_Priority,
 362         Name 				=> task4_3,
 363         Server_Sched_Parameters		=> (
 364                 Type		=> Fixed_Priority_policy,
 365                 The_Priority	=> 25,
 366                 Preassigned		=> no),
 367         Server_Processing_Resource	=> proc1);
 369 Scheduling_Server (
 370         Type				=> Fixed_Priority,
 371         Name 				=> task4_4,
 372         Server_Sched_Parameters		=> (
 373                 Type		=> Fixed_Priority_policy,
 374                 The_Priority	=> 30,
 375                 Preassigned		=> no),
 376         Server_Processing_Resource	=> proc0);
 378 Scheduling_Server (
 379         Type				=> Fixed_Priority,
 380         Name 				=> task4_5,
 381         Server_Sched_Parameters		=> (
 382                 Type		=> Fixed_Priority_policy,
 383                 The_Priority	=> 51,
 384                 Preassigned		=> no),
 385         Server_Processing_Resource	=> proc1);
 387 Scheduling_Server (
 388         Type				=> Fixed_Priority,
 389         Name 				=> task4_6,
 390         Server_Sched_Parameters		=> (
 391                 Type		=> Fixed_Priority_policy,
 392                 The_Priority	=> 42,
 393                 Preassigned		=> no),
 394         Server_Processing_Resource	=> proc0);
 396 Scheduling_Server (
 397         Type				=> Fixed_Priority,
 398         Name 				=> task4_7,
 399         Server_Sched_Parameters		=> (
 400                 Type		=> Fixed_Priority_policy,
 401                 The_Priority	=> 3,
 402                 Preassigned		=> no),
 403         Server_Processing_Resource	=> proc3);
 405 Scheduling_Server (
 406         Type				=> Fixed_Priority,
 407         Name 				=> task5_0,
 408         Server_Sched_Parameters		=> (
 409                 Type		=> Fixed_Priority_policy,
 410                 The_Priority	=> 14,
 411                 Preassigned		=> no),
 412         Server_Processing_Resource	=> proc0);
 414 Scheduling_Server (
 415         Type				=> Fixed_Priority,
 416         Name 				=> task5_1,
 417         Server_Sched_Parameters		=> (
 418                 Type		=> Fixed_Priority_policy,
 419                 The_Priority	=> 38,
 420                 Preassigned		=> no),
 421         Server_Processing_Resource	=> proc2);
 423 Scheduling_Server (
 424         Type				=> Fixed_Priority,
 425         Name 				=> task5_2,
 426         Server_Sched_Parameters		=> (
 427                 Type		=> Fixed_Priority_policy,
 428                 The_Priority	=> 52,
 429                 Preassigned		=> no),
 430         Server_Processing_Resource	=> proc2);
 432 Scheduling_Server (
 433         Type				=> Fixed_Priority,
 434         Name 				=> task5_3,
 435         Server_Sched_Parameters		=> (
 436                 Type		=> Fixed_Priority_policy,
 437                 The_Priority	=> 39,
 438                 Preassigned		=> no),
 439         Server_Processing_Resource	=> proc0);
 441 Scheduling_Server (
 442         Type				=> Fixed_Priority,
 443         Name 				=> task5_4,
 444         Server_Sched_Parameters		=> (
 445                 Type		=> Fixed_Priority_policy,
 446                 The_Priority	=> 19,
 447                 Preassigned		=> no),
 448         Server_Processing_Resource	=> proc4);
 450 Scheduling_Server (
 451         Type				=> Fixed_Priority,
 452         Name 				=> task5_5,
 453         Server_Sched_Parameters		=> (
 454                 Type		=> Fixed_Priority_policy,
 455                 The_Priority	=> 62,
 456                 Preassigned		=> no),
 457         Server_Processing_Resource	=> proc4);
 459 Scheduling_Server (
 460         Type				=> Fixed_Priority,
 461         Name 				=> task5_6,
 462         Server_Sched_Parameters		=> (
 463                 Type		=> Fixed_Priority_policy,
 464                 The_Priority	=> 49,
 465                 Preassigned		=> no),
 466         Server_Processing_Resource	=> proc2);
 468 Scheduling_Server (
 469         Type				=> Fixed_Priority,
 470         Name 				=> task5_7,
 471         Server_Sched_Parameters		=> (
 472                 Type		=> Fixed_Priority_policy,
 473                 The_Priority	=> 20,
 474                 Preassigned		=> no),
 475         Server_Processing_Resource	=> proc2);
 477 Scheduling_Server (
 478         Type				=> Fixed_Priority,
 479         Name 				=> task6_0,
 480         Server_Sched_Parameters		=> (
 481                 Type		=> Fixed_Priority_policy,
 482                 The_Priority	=> 59,
 483                 Preassigned		=> no),
 484         Server_Processing_Resource	=> proc1);
 486 Scheduling_Server (
 487         Type				=> Fixed_Priority,
 488         Name 				=> task6_1,
 489         Server_Sched_Parameters		=> (
 490                 Type		=> Fixed_Priority_policy,
 491                 The_Priority	=> 43,
 492                 Preassigned		=> no),
 493         Server_Processing_Resource	=> proc2);
 495 Scheduling_Server (
 496         Type				=> Fixed_Priority,
 497         Name 				=> task6_2,
 498         Server_Sched_Parameters		=> (
 499                 Type		=> Fixed_Priority_policy,
 500                 The_Priority	=> 33,
 501                 Preassigned		=> no),
 502         Server_Processing_Resource	=> proc4);
 504 Scheduling_Server (
 505         Type				=> Fixed_Priority,
 506         Name 				=> task6_3,
 507         Server_Sched_Parameters		=> (
 508                 Type		=> Fixed_Priority_policy,
 509                 The_Priority	=> 56,
 510                 Preassigned		=> no),
 511         Server_Processing_Resource	=> proc1);
 513 Scheduling_Server (
 514         Type				=> Fixed_Priority,
 515         Name 				=> task6_4,
 516         Server_Sched_Parameters		=> (
 517                 Type		=> Fixed_Priority_policy,
 518                 The_Priority	=> 8,
 519                 Preassigned		=> no),
 520         Server_Processing_Resource	=> proc0);
 522 Scheduling_Server (
 523         Type				=> Fixed_Priority,
 524         Name 				=> task6_5,
 525         Server_Sched_Parameters		=> (
 526                 Type		=> Fixed_Priority_policy,
 527                 The_Priority	=> 15,
 528                 Preassigned		=> no),
 529         Server_Processing_Resource	=> proc1);
 531 Scheduling_Server (
 532         Type				=> Fixed_Priority,
 533         Name 				=> task6_6,
 534         Server_Sched_Parameters		=> (
 535                 Type		=> Fixed_Priority_policy,
 536                 The_Priority	=> 9,
 537                 Preassigned		=> no),
 538         Server_Processing_Resource	=> proc1);
 540 Scheduling_Server (
 541         Type				=> Fixed_Priority,
 542         Name 				=> task6_7,
 543         Server_Sched_Parameters		=> (
 544                 Type		=> Fixed_Priority_policy,
 545                 The_Priority	=> 4,
 546                 Preassigned		=> no),
 547         Server_Processing_Resource	=> proc1);
 549 Scheduling_Server (
 550         Type				=> Fixed_Priority,
 551         Name 				=> task7_0,
 552         Server_Sched_Parameters		=> (
 553                 Type		=> Fixed_Priority_policy,
 554                 The_Priority	=> 40,
 555                 Preassigned		=> no),
 556         Server_Processing_Resource	=> proc4);
 558 Scheduling_Server (
 559         Type				=> Fixed_Priority,
 560         Name 				=> task7_1,
 561         Server_Sched_Parameters		=> (
 562                 Type		=> Fixed_Priority_policy,
 563                 The_Priority	=> 5,
 564                 Preassigned		=> no),
 565         Server_Processing_Resource	=> proc4);
 567 Scheduling_Server (
 568         Type				=> Fixed_Priority,
 569         Name 				=> task7_2,
 570         Server_Sched_Parameters		=> (
 571                 Type		=> Fixed_Priority_policy,
 572                 The_Priority	=> 34,
 573                 Preassigned		=> no),
 574         Server_Processing_Resource	=> proc2);
 576 Scheduling_Server (
 577         Type				=> Fixed_Priority,
 578         Name 				=> task7_3,
 579         Server_Sched_Parameters		=> (
 580                 Type		=> Fixed_Priority_policy,
 581                 The_Priority	=> 35,
 582                 Preassigned		=> no),
 583         Server_Processing_Resource	=> proc3);
 585 Scheduling_Server (
 586         Type				=> Fixed_Priority,
 587         Name 				=> task7_4,
 588         Server_Sched_Parameters		=> (
 589                 Type		=> Fixed_Priority_policy,
 590                 The_Priority	=> 10,
 591                 Preassigned		=> no),
 592         Server_Processing_Resource	=> proc4);
 594 Scheduling_Server (
 595         Type				=> Fixed_Priority,
 596         Name 				=> task7_5,
 597         Server_Sched_Parameters		=> (
 598                 Type		=> Fixed_Priority_policy,
 599                 The_Priority	=> 44,
 600                 Preassigned		=> no),
 601         Server_Processing_Resource	=> proc1);
 603 Scheduling_Server (
 604         Type				=> Fixed_Priority,
 605         Name 				=> task7_6,
 606         Server_Sched_Parameters		=> (
 607                 Type		=> Fixed_Priority_policy,
 608                 The_Priority	=> 45,
 609                 Preassigned		=> no),
 610         Server_Processing_Resource	=> proc4);
 612 Scheduling_Server (
 613         Type				=> Fixed_Priority,
 614         Name 				=> task7_7,
 615         Server_Sched_Parameters		=> (
 616                 Type		=> Fixed_Priority_policy,
 617                 The_Priority	=> 53,
 618                 Preassigned		=> no),
 619         Server_Processing_Resource	=> proc0);
 621 Operation (
 622         Type        => Simple,
 623         Name        => task0_0,
 624         Worst_Case_Execution_Time   => 5.540776866785555);
 626 Operation (
 627         Type        => Simple,
 628         Name        => task0_1,
 629         Worst_Case_Execution_Time   => 24.862888415166477);
 631 Operation (
 632         Type        => Simple,
 633         Name        => task0_2,
 634         Worst_Case_Execution_Time   => 4.883542986708984);
 636 Operation (
 637         Type        => Simple,
 638         Name        => task0_3,
 639         Worst_Case_Execution_Time   => 1.0856538934625577);
 641 Operation (
 642         Type        => Simple,
 643         Name        => task0_4,
 644         Worst_Case_Execution_Time   => 6.622103548053438);
 646 Operation (
 647         Type        => Simple,
 648         Name        => task0_5,
 649         Worst_Case_Execution_Time   => 7.7298464558385);
 651 Operation (
 652         Type        => Simple,
 653         Name        => task0_6,
 654         Worst_Case_Execution_Time   => 14.768515989652931);
 656 Operation (
 657         Type        => Simple,
 658         Name        => task0_7,
 659         Worst_Case_Execution_Time   => 2.923124985080957);
 661 Operation (
 662         Type        => Simple,
 663         Name        => task1_0,
 664         Worst_Case_Execution_Time   => 0.46974309956340343);
 666 Operation (
 667         Type        => Simple,
 668         Name        => task1_1,
 669         Worst_Case_Execution_Time   => 6.348288974851503);
 671 Operation (
 672         Type        => Simple,
 673         Name        => task1_2,
 674         Worst_Case_Execution_Time   => 15.765948129319327);
 676 Operation (
 677         Type        => Simple,
 678         Name        => task1_3,
 679         Worst_Case_Execution_Time   => 5.977941608218367);
 681 Operation (
 682         Type        => Simple,
 683         Name        => task1_4,
 684         Worst_Case_Execution_Time   => 0.32507099976468956);
 686 Operation (
 687         Type        => Simple,
 688         Name        => task1_5,
 689         Worst_Case_Execution_Time   => 1.1628462627803149);
 691 Operation (
 692         Type        => Simple,
 693         Name        => task1_6,
 694         Worst_Case_Execution_Time   => 20.033454504386423);
 696 Operation (
 697         Type        => Simple,
 698         Name        => task1_7,
 699         Worst_Case_Execution_Time   => 10.53524810753205);
 701 Operation (
 702         Type        => Simple,
 703         Name        => task2_0,
 704         Worst_Case_Execution_Time   => 1.9988905531812253);
 706 Operation (
 707         Type        => Simple,
 708         Name        => task2_1,
 709         Worst_Case_Execution_Time   => 4.541162342712634);
 711 Operation (
 712         Type        => Simple,
 713         Name        => task2_2,
 714         Worst_Case_Execution_Time   => 10.401273693586573);
 716 Operation (
 717         Type        => Simple,
 718         Name        => task2_3,
 719         Worst_Case_Execution_Time   => 0.45282757751863123);
 721 Operation (
 722         Type        => Simple,
 723         Name        => task2_4,
 724         Worst_Case_Execution_Time   => 6.11298406700703);
 726 Operation (
 727         Type        => Simple,
 728         Name        => task2_5,
 729         Worst_Case_Execution_Time   => 5.848811548803682);
 731 Operation (
 732         Type        => Simple,
 733         Name        => task2_6,
 734         Worst_Case_Execution_Time   => 11.257545886784259);
 736 Operation (
 737         Type        => Simple,
 738         Name        => task2_7,
 739         Worst_Case_Execution_Time   => 4.24353028949146);
 741 Operation (
 742         Type        => Simple,
 743         Name        => task3_0,
 744         Worst_Case_Execution_Time   => 4.327442273449551);
 746 Operation (
 747         Type        => Simple,
 748         Name        => task3_1,
 749         Worst_Case_Execution_Time   => 3.008235824445477);
 751 Operation (
 752         Type        => Simple,
 753         Name        => task3_2,
 754         Worst_Case_Execution_Time   => 22.183510173149948);
 756 Operation (
 757         Type        => Simple,
 758         Name        => task3_3,
 759         Worst_Case_Execution_Time   => 34.974375312676806);
 761 Operation (
 762         Type        => Simple,
 763         Name        => task3_4,
 764         Worst_Case_Execution_Time   => 7.919618897630977);
 766 Operation (
 767         Type        => Simple,
 768         Name        => task3_5,
 769         Worst_Case_Execution_Time   => 16.45246600415373);
 771 Operation (
 772         Type        => Simple,
 773         Name        => task3_6,
 774         Worst_Case_Execution_Time   => 38.94905304045016);
 776 Operation (
 777         Type        => Simple,
 778         Name        => task3_7,
 779         Worst_Case_Execution_Time   => 21.628497574177086);
 781 Operation (
 782         Type        => Simple,
 783         Name        => task4_0,
 784         Worst_Case_Execution_Time   => 5.489600232091526);
 786 Operation (
 787         Type        => Simple,
 788         Name        => task4_1,
 789         Worst_Case_Execution_Time   => 0.46178915495548917);
 791 Operation (
 792         Type        => Simple,
 793         Name        => task4_2,
 794         Worst_Case_Execution_Time   => 2.34671821588969);
 796 Operation (
 797         Type        => Simple,
 798         Name        => task4_3,
 799         Worst_Case_Execution_Time   => 24.65656177997373);
 801 Operation (
 802         Type        => Simple,
 803         Name        => task4_4,
 804         Worst_Case_Execution_Time   => 12.701543720473364);
 806 Operation (
 807         Type        => Simple,
 808         Name        => task4_5,
 809         Worst_Case_Execution_Time   => 7.854842920705925);
 811 Operation (
 812         Type        => Simple,
 813         Name        => task4_6,
 814         Worst_Case_Execution_Time   => 8.39507714677762);
 816 Operation (
 817         Type        => Simple,
 818         Name        => task4_7,
 819         Worst_Case_Execution_Time   => 55.7597371049747);
 821 Operation (
 822         Type        => Simple,
 823         Name        => task5_0,
 824         Worst_Case_Execution_Time   => 15.760944668119926);
 826 Operation (
 827         Type        => Simple,
 828         Name        => task5_1,
 829         Worst_Case_Execution_Time   => 7.861414577643442);
 831 Operation (
 832         Type        => Simple,
 833         Name        => task5_2,
 834         Worst_Case_Execution_Time   => 2.9529767426857134);
 836 Operation (
 837         Type        => Simple,
 838         Name        => task5_3,
 839         Worst_Case_Execution_Time   => 6.898714064440968);
 841 Operation (
 842         Type        => Simple,
 843         Name        => task5_4,
 844         Worst_Case_Execution_Time   => 19.01027760990856);
 846 Operation (
 847         Type        => Simple,
 848         Name        => task5_5,
 849         Worst_Case_Execution_Time   => 0.5588643287538929);
 851 Operation (
 852         Type        => Simple,
 853         Name        => task5_6,
 854         Worst_Case_Execution_Time   => 3.549564453211595);
 856 Operation (
 857         Type        => Simple,
 858         Name        => task5_7,
 859         Worst_Case_Execution_Time   => 13.981418827963678);
 861 Operation (
 862         Type        => Simple,
 863         Name        => task6_0,
 864         Worst_Case_Execution_Time   => 2.120026879992476);
 866 Operation (
 867         Type        => Simple,
 868         Name        => task6_1,
 869         Worst_Case_Execution_Time   => 4.657506599435101);
 871 Operation (
 872         Type        => Simple,
 873         Name        => task6_2,
 874         Worst_Case_Execution_Time   => 6.953722726637335);
 876 Operation (
 877         Type        => Simple,
 878         Name        => task6_3,
 879         Worst_Case_Execution_Time   => 3.3363571665455796);
 881 Operation (
 882         Type        => Simple,
 883         Name        => task6_4,
 884         Worst_Case_Execution_Time   => 17.347846479797532);
 886 Operation (
 887         Type        => Simple,
 888         Name        => task6_5,
 889         Worst_Case_Execution_Time   => 13.899804905304276);
 891 Operation (
 892         Type        => Simple,
 893         Name        => task6_6,
 894         Worst_Case_Execution_Time   => 25.438981219233106);
 896 Operation (
 897         Type        => Simple,
 898         Name        => task6_7,
 899         Worst_Case_Execution_Time   => 26.21197947976672);
 901 Operation (
 902         Type        => Simple,
 903         Name        => task7_0,
 904         Worst_Case_Execution_Time   => 5.462059906766745);
 906 Operation (
 907         Type        => Simple,
 908         Name        => task7_1,
 909         Worst_Case_Execution_Time   => 15.447364775835581);
 911 Operation (
 912         Type        => Simple,
 913         Name        => task7_2,
 914         Worst_Case_Execution_Time   => 7.776679283943215);
 916 Operation (
 917         Type        => Simple,
 918         Name        => task7_3,
 919         Worst_Case_Execution_Time   => 2.6340235835662704);
 921 Operation (
 922         Type        => Simple,
 923         Name        => task7_4,
 924         Worst_Case_Execution_Time   => 14.235545392878423);
 926 Operation (
 927         Type        => Simple,
 928         Name        => task7_5,
 929         Worst_Case_Execution_Time   => 4.737682623317312);
 931 Operation (
 932         Type        => Simple,
 933         Name        => task7_6,
 934         Worst_Case_Execution_Time   => 4.616433106535205);
 936 Operation (
 937         Type        => Simple,
 938         Name        => task7_7,
 939         Worst_Case_Execution_Time   => 1.299606749427145);
 941 Transaction (
 942         Type	=> Regular, 
 943         Name	=> flow0,
 944         External_Events => (
 945             (Type 		=> Periodic,
 946             Name 		=> e_flow0,
 947             Period 	    => 149.05394072647957)),
 948         Internal_Events => (
 949             (Type 	=> regular,
 950             name 	=> o_task0_0),
 951             (Type 	=> regular,
 952             name 	=> o_task0_1),
 953             (Type 	=> regular,
 954             name 	=> o_task0_2),
 955             (Type 	=> regular,
 956             name 	=> o_task0_3),
 957             (Type 	=> regular,
 958             name 	=> o_task0_4),
 959             (Type 	=> regular,
 960             name 	=> o_task0_5),
 961             (Type 	=> regular,
 962             name 	=> o_task0_6),
 963             (Type 	=> regular,
 964             name 	=> o_task0_7,
 965             Timing_Requirements => (
 966                 Type 		  => Hard_Global_Deadline,
 967                 Deadline 	  => 1073.8418111365781,
 968                 referenced_event => e_flow0))),
 969         Event_Handlers => (
 970             (Type         => Activity,
 971             Input_Event         => e_flow0,
 972             Output_Event        => o_task0_0,
 973             Activity_Operation  => task0_0,
 974             Activity_Server     => task0_0),
 975             (Type         => Activity,
 976             Input_Event         => o_task0_0,
 977             Output_Event        => o_task0_1,
 978             Activity_Operation  => task0_1,
 979             Activity_Server     => task0_1),
 980             (Type         => Activity,
 981             Input_Event         => o_task0_1,
 982             Output_Event        => o_task0_2,
 983             Activity_Operation  => task0_2,
 984             Activity_Server     => task0_2),
 985             (Type         => Activity,
 986             Input_Event         => o_task0_2,
 987             Output_Event        => o_task0_3,
 988             Activity_Operation  => task0_3,
 989             Activity_Server     => task0_3),
 990             (Type         => Activity,
 991             Input_Event         => o_task0_3,
 992             Output_Event        => o_task0_4,
 993             Activity_Operation  => task0_4,
 994             Activity_Server     => task0_4),
 995             (Type         => Activity,
 996             Input_Event         => o_task0_4,
 997             Output_Event        => o_task0_5,
 998             Activity_Operation  => task0_5,
 999             Activity_Server     => task0_5),
 1000            (Type         => Activity,
 1001            Input_Event         => o_task0_5,
 1002            Output_Event        => o_task0_6,
 1003            Activity_Operation  => task0_6,
 1004            Activity_Server     => task0_6),
 1005            (Type         => Activity,
 1006            Input_Event         => o_task0_6,
 1007            Output_Event        => o_task0_7,
 1008            Activity_Operation  => task0_7,
 1009            Activity_Server     => task0_7)));
 1011Transaction (
 1012        Type	=> Regular, 
 1013        Name	=> flow1,
 1014        External_Events => (
 1015            (Type 		=> Periodic,
 1016            Name 		=> e_flow1,
 1017            Period 	    => 129.5980336030114)),
 1018        Internal_Events => (
 1019            (Type 	=> regular,
 1020            name 	=> o_task1_0),
 1021            (Type 	=> regular,
 1022            name 	=> o_task1_1),
 1023            (Type 	=> regular,
 1024            name 	=> o_task1_2),
 1025            (Type 	=> regular,
 1026            name 	=> o_task1_3),
 1027            (Type 	=> regular,
 1028            name 	=> o_task1_4),
 1029            (Type 	=> regular,
 1030            name 	=> o_task1_5),
 1031            (Type 	=> regular,
 1032            name 	=> o_task1_6),
 1033            (Type 	=> regular,
 1034            name 	=> o_task1_7,
 1035            Timing_Requirements => (
 1036                Type 		  => Hard_Global_Deadline,
 1037                Deadline 	  => 852.839494589304,
 1038                referenced_event => e_flow1))),
 1039        Event_Handlers => (
 1040            (Type         => Activity,
 1041            Input_Event         => e_flow1,
 1042            Output_Event        => o_task1_0,
 1043            Activity_Operation  => task1_0,
 1044            Activity_Server     => task1_0),
 1045            (Type         => Activity,
 1046            Input_Event         => o_task1_0,
 1047            Output_Event        => o_task1_1,
 1048            Activity_Operation  => task1_1,
 1049            Activity_Server     => task1_1),
 1050            (Type         => Activity,
 1051            Input_Event         => o_task1_1,
 1052            Output_Event        => o_task1_2,
 1053            Activity_Operation  => task1_2,
 1054            Activity_Server     => task1_2),
 1055            (Type         => Activity,
 1056            Input_Event         => o_task1_2,
 1057            Output_Event        => o_task1_3,
 1058            Activity_Operation  => task1_3,
 1059            Activity_Server     => task1_3),
 1060            (Type         => Activity,
 1061            Input_Event         => o_task1_3,
 1062            Output_Event        => o_task1_4,
 1063            Activity_Operation  => task1_4,
 1064            Activity_Server     => task1_4),
 1065            (Type         => Activity,
 1066            Input_Event         => o_task1_4,
 1067            Output_Event        => o_task1_5,
 1068            Activity_Operation  => task1_5,
 1069            Activity_Server     => task1_5),
 1070            (Type         => Activity,
 1071            Input_Event         => o_task1_5,
 1072            Output_Event        => o_task1_6,
 1073            Activity_Operation  => task1_6,
 1074            Activity_Server     => task1_6),
 1075            (Type         => Activity,
 1076            Input_Event         => o_task1_6,
 1077            Output_Event        => o_task1_7,
 1078            Activity_Operation  => task1_7,
 1079            Activity_Server     => task1_7)));
 1081Transaction (
 1082        Type	=> Regular, 
 1083        Name	=> flow2,
 1084        External_Events => (
 1085            (Type 		=> Periodic,
 1086            Name 		=> e_flow2,
 1087            Period 	    => 150.48578909683894)),
 1088        Internal_Events => (
 1089            (Type 	=> regular,
 1090            name 	=> o_task2_0),
 1091            (Type 	=> regular,
 1092            name 	=> o_task2_1),
 1093            (Type 	=> regular,
 1094            name 	=> o_task2_2),
 1095            (Type 	=> regular,
 1096            name 	=> o_task2_3),
 1097            (Type 	=> regular,
 1098            name 	=> o_task2_4),
 1099            (Type 	=> regular,
 1100            name 	=> o_task2_5),
 1101            (Type 	=> regular,
 1102            name 	=> o_task2_6),
 1103            (Type 	=> regular,
 1104            name 	=> o_task2_7,
 1105            Timing_Requirements => (
 1106                Type 		  => Hard_Global_Deadline,
 1107                Deadline 	  => 1061.2766319319708,
 1108                referenced_event => e_flow2))),
 1109        Event_Handlers => (
 1110            (Type         => Activity,
 1111            Input_Event         => e_flow2,
 1112            Output_Event        => o_task2_0,
 1113            Activity_Operation  => task2_0,
 1114            Activity_Server     => task2_0),
 1115            (Type         => Activity,
 1116            Input_Event         => o_task2_0,
 1117            Output_Event        => o_task2_1,
 1118            Activity_Operation  => task2_1,
 1119            Activity_Server     => task2_1),
 1120            (Type         => Activity,
 1121            Input_Event         => o_task2_1,
 1122            Output_Event        => o_task2_2,
 1123            Activity_Operation  => task2_2,
 1124            Activity_Server     => task2_2),
 1125            (Type         => Activity,
 1126            Input_Event         => o_task2_2,
 1127            Output_Event        => o_task2_3,
 1128            Activity_Operation  => task2_3,
 1129            Activity_Server     => task2_3),
 1130            (Type         => Activity,
 1131            Input_Event         => o_task2_3,
 1132            Output_Event        => o_task2_4,
 1133            Activity_Operation  => task2_4,
 1134            Activity_Server     => task2_4),
 1135            (Type         => Activity,
 1136            Input_Event         => o_task2_4,
 1137            Output_Event        => o_task2_5,
 1138            Activity_Operation  => task2_5,
 1139            Activity_Server     => task2_5),
 1140            (Type         => Activity,
 1141            Input_Event         => o_task2_5,
 1142            Output_Event        => o_task2_6,
 1143            Activity_Operation  => task2_6,
 1144            Activity_Server     => task2_6),
 1145            (Type         => Activity,
 1146            Input_Event         => o_task2_6,
 1147            Output_Event        => o_task2_7,
 1148            Activity_Operation  => task2_7,
 1149            Activity_Server     => task2_7)));
 1151Transaction (
 1152        Type	=> Regular, 
 1153        Name	=> flow3,
 1154        External_Events => (
 1155            (Type 		=> Periodic,
 1156            Name 		=> e_flow3,
 1157            Period 	    => 287.26620198589563)),
 1158        Internal_Events => (
 1159            (Type 	=> regular,
 1160            name 	=> o_task3_0),
 1161            (Type 	=> regular,
 1162            name 	=> o_task3_1),
 1163            (Type 	=> regular,
 1164            name 	=> o_task3_2),
 1165            (Type 	=> regular,
 1166            name 	=> o_task3_3),
 1167            (Type 	=> regular,
 1168            name 	=> o_task3_4),
 1169            (Type 	=> regular,
 1170            name 	=> o_task3_5),
 1171            (Type 	=> regular,
 1172            name 	=> o_task3_6),
 1173            (Type 	=> regular,
 1174            name 	=> o_task3_7,
 1175            Timing_Requirements => (
 1176                Type 		  => Hard_Global_Deadline,
 1177                Deadline 	  => 1178.8409159868158,
 1178                referenced_event => e_flow3))),
 1179        Event_Handlers => (
 1180            (Type         => Activity,
 1181            Input_Event         => e_flow3,
 1182            Output_Event        => o_task3_0,
 1183            Activity_Operation  => task3_0,
 1184            Activity_Server     => task3_0),
 1185            (Type         => Activity,
 1186            Input_Event         => o_task3_0,
 1187            Output_Event        => o_task3_1,
 1188            Activity_Operation  => task3_1,
 1189            Activity_Server     => task3_1),
 1190            (Type         => Activity,
 1191            Input_Event         => o_task3_1,
 1192            Output_Event        => o_task3_2,
 1193            Activity_Operation  => task3_2,
 1194            Activity_Server     => task3_2),
 1195            (Type         => Activity,
 1196            Input_Event         => o_task3_2,
 1197            Output_Event        => o_task3_3,
 1198            Activity_Operation  => task3_3,
 1199            Activity_Server     => task3_3),
 1200            (Type         => Activity,
 1201            Input_Event         => o_task3_3,
 1202            Output_Event        => o_task3_4,
 1203            Activity_Operation  => task3_4,
 1204            Activity_Server     => task3_4),
 1205            (Type         => Activity,
 1206            Input_Event         => o_task3_4,
 1207            Output_Event        => o_task3_5,
 1208            Activity_Operation  => task3_5,
 1209            Activity_Server     => task3_5),
 1210            (Type         => Activity,
 1211            Input_Event         => o_task3_5,
 1212            Output_Event        => o_task3_6,
 1213            Activity_Operation  => task3_6,
 1214            Activity_Server     => task3_6),
 1215            (Type         => Activity,
 1216            Input_Event         => o_task3_6,
 1217            Output_Event        => o_task3_7,
 1218            Activity_Operation  => task3_7,
 1219            Activity_Server     => task3_7)));
 1221Transaction (
 1222        Type	=> Regular, 
 1223        Name	=> flow4,
 1224        External_Events => (
 1225            (Type 		=> Periodic,
 1226            Name 		=> e_flow4,
 1227            Period 	    => 216.7261937922504)),
 1228        Internal_Events => (
 1229            (Type 	=> regular,
 1230            name 	=> o_task4_0),
 1231            (Type 	=> regular,
 1232            name 	=> o_task4_1),
 1233            (Type 	=> regular,
 1234            name 	=> o_task4_2),
 1235            (Type 	=> regular,
 1236            name 	=> o_task4_3),
 1237            (Type 	=> regular,
 1238            name 	=> o_task4_4),
 1239            (Type 	=> regular,
 1240            name 	=> o_task4_5),
 1241            (Type 	=> regular,
 1242            name 	=> o_task4_6),
 1243            (Type 	=> regular,
 1244            name 	=> o_task4_7,
 1245            Timing_Requirements => (
 1246                Type 		  => Hard_Global_Deadline,
 1247                Deadline 	  => 1052.9169015788684,
 1248                referenced_event => e_flow4))),
 1249        Event_Handlers => (
 1250            (Type         => Activity,
 1251            Input_Event         => e_flow4,
 1252            Output_Event        => o_task4_0,
 1253            Activity_Operation  => task4_0,
 1254            Activity_Server     => task4_0),
 1255            (Type         => Activity,
 1256            Input_Event         => o_task4_0,
 1257            Output_Event        => o_task4_1,
 1258            Activity_Operation  => task4_1,
 1259            Activity_Server     => task4_1),
 1260            (Type         => Activity,
 1261            Input_Event         => o_task4_1,
 1262            Output_Event        => o_task4_2,
 1263            Activity_Operation  => task4_2,
 1264            Activity_Server     => task4_2),
 1265            (Type         => Activity,
 1266            Input_Event         => o_task4_2,
 1267            Output_Event        => o_task4_3,
 1268            Activity_Operation  => task4_3,
 1269            Activity_Server     => task4_3),
 1270            (Type         => Activity,
 1271            Input_Event         => o_task4_3,
 1272            Output_Event        => o_task4_4,
 1273            Activity_Operation  => task4_4,
 1274            Activity_Server     => task4_4),
 1275            (Type         => Activity,
 1276            Input_Event         => o_task4_4,
 1277            Output_Event        => o_task4_5,
 1278            Activity_Operation  => task4_5,
 1279            Activity_Server     => task4_5),
 1280            (Type         => Activity,
 1281            Input_Event         => o_task4_5,
 1282            Output_Event        => o_task4_6,
 1283            Activity_Operation  => task4_6,
 1284            Activity_Server     => task4_6),
 1285            (Type         => Activity,
 1286            Input_Event         => o_task4_6,
 1287            Output_Event        => o_task4_7,
 1288            Activity_Operation  => task4_7,
 1289            Activity_Server     => task4_7)));
 1291Transaction (
 1292        Type	=> Regular, 
 1293        Name	=> flow5,
 1294        External_Events => (
 1295            (Type 		=> Periodic,
 1296            Name 		=> e_flow5,
 1297            Period 	    => 120.88656048227621)),
 1298        Internal_Events => (
 1299            (Type 	=> regular,
 1300            name 	=> o_task5_0),
 1301            (Type 	=> regular,
 1302            name 	=> o_task5_1),
 1303            (Type 	=> regular,
 1304            name 	=> o_task5_2),
 1305            (Type 	=> regular,
 1306            name 	=> o_task5_3),
 1307            (Type 	=> regular,
 1308            name 	=> o_task5_4),
 1309            (Type 	=> regular,
 1310            name 	=> o_task5_5),
 1311            (Type 	=> regular,
 1312            name 	=> o_task5_6),
 1313            (Type 	=> regular,
 1314            name 	=> o_task5_7,
 1315            Timing_Requirements => (
 1316                Type 		  => Hard_Global_Deadline,
 1317                Deadline 	  => 828.4935734540898,
 1318                referenced_event => e_flow5))),
 1319        Event_Handlers => (
 1320            (Type         => Activity,
 1321            Input_Event         => e_flow5,
 1322            Output_Event        => o_task5_0,
 1323            Activity_Operation  => task5_0,
 1324            Activity_Server     => task5_0),
 1325            (Type         => Activity,
 1326            Input_Event         => o_task5_0,
 1327            Output_Event        => o_task5_1,
 1328            Activity_Operation  => task5_1,
 1329            Activity_Server     => task5_1),
 1330            (Type         => Activity,
 1331            Input_Event         => o_task5_1,
 1332            Output_Event        => o_task5_2,
 1333            Activity_Operation  => task5_2,
 1334            Activity_Server     => task5_2),
 1335            (Type         => Activity,
 1336            Input_Event         => o_task5_2,
 1337            Output_Event        => o_task5_3,
 1338            Activity_Operation  => task5_3,
 1339            Activity_Server     => task5_3),
 1340            (Type         => Activity,
 1341            Input_Event         => o_task5_3,
 1342            Output_Event        => o_task5_4,
 1343            Activity_Operation  => task5_4,
 1344            Activity_Server     => task5_4),
 1345            (Type         => Activity,
 1346            Input_Event         => o_task5_4,
 1347            Output_Event        => o_task5_5,
 1348            Activity_Operation  => task5_5,
 1349            Activity_Server     => task5_5),
 1350            (Type         => Activity,
 1351            Input_Event         => o_task5_5,
 1352            Output_Event        => o_task5_6,
 1353            Activity_Operation  => task5_6,
 1354            Activity_Server     => task5_6),
 1355            (Type         => Activity,
 1356            Input_Event         => o_task5_6,
 1357            Output_Event        => o_task5_7,
 1358            Activity_Operation  => task5_7,
 1359            Activity_Server     => task5_7)));
 1361Transaction (
 1362        Type	=> Regular, 
 1363        Name	=> flow6,
 1364        External_Events => (
 1365            (Type 		=> Periodic,
 1366            Name 		=> e_flow6,
 1367            Period 	    => 254.80205709868653)),
 1368        Internal_Events => (
 1369            (Type 	=> regular,
 1370            name 	=> o_task6_0),
 1371            (Type 	=> regular,
 1372            name 	=> o_task6_1),
 1373            (Type 	=> regular,
 1374            name 	=> o_task6_2),
 1375            (Type 	=> regular,
 1376            name 	=> o_task6_3),
 1377            (Type 	=> regular,
 1378            name 	=> o_task6_4),
 1379            (Type 	=> regular,
 1380            name 	=> o_task6_5),
 1381            (Type 	=> regular,
 1382            name 	=> o_task6_6),
 1383            (Type 	=> regular,
 1384            name 	=> o_task6_7,
 1385            Timing_Requirements => (
 1386                Type 		  => Hard_Global_Deadline,
 1387                Deadline 	  => 1744.6899242451889,
 1388                referenced_event => e_flow6))),
 1389        Event_Handlers => (
 1390            (Type         => Activity,
 1391            Input_Event         => e_flow6,
 1392            Output_Event        => o_task6_0,
 1393            Activity_Operation  => task6_0,
 1394            Activity_Server     => task6_0),
 1395            (Type         => Activity,
 1396            Input_Event         => o_task6_0,
 1397            Output_Event        => o_task6_1,
 1398            Activity_Operation  => task6_1,
 1399            Activity_Server     => task6_1),
 1400            (Type         => Activity,
 1401            Input_Event         => o_task6_1,
 1402            Output_Event        => o_task6_2,
 1403            Activity_Operation  => task6_2,
 1404            Activity_Server     => task6_2),
 1405            (Type         => Activity,
 1406            Input_Event         => o_task6_2,
 1407            Output_Event        => o_task6_3,
 1408            Activity_Operation  => task6_3,
 1409            Activity_Server     => task6_3),
 1410            (Type         => Activity,
 1411            Input_Event         => o_task6_3,
 1412            Output_Event        => o_task6_4,
 1413            Activity_Operation  => task6_4,
 1414            Activity_Server     => task6_4),
 1415            (Type         => Activity,
 1416            Input_Event         => o_task6_4,
 1417            Output_Event        => o_task6_5,
 1418            Activity_Operation  => task6_5,
 1419            Activity_Server     => task6_5),
 1420            (Type         => Activity,
 1421            Input_Event         => o_task6_5,
 1422            Output_Event        => o_task6_6,
 1423            Activity_Operation  => task6_6,
 1424            Activity_Server     => task6_6),
 1425            (Type         => Activity,
 1426            Input_Event         => o_task6_6,
 1427            Output_Event        => o_task6_7,
 1428            Activity_Operation  => task6_7,
 1429            Activity_Server     => task6_7)));
 1431Transaction (
 1432        Type	=> Regular, 
 1433        Name	=> flow7,
 1434        External_Events => (
 1435            (Type 		=> Periodic,
 1436            Name 		=> e_flow7,
 1437            Period 	    => 238.28888573725288)),
 1438        Internal_Events => (
 1439            (Type 	=> regular,
 1440            name 	=> o_task7_0),
 1441            (Type 	=> regular,
 1442            name 	=> o_task7_1),
 1443            (Type 	=> regular,
 1444            name 	=> o_task7_2),
 1445            (Type 	=> regular,
 1446            name 	=> o_task7_3),
 1447            (Type 	=> regular,
 1448            name 	=> o_task7_4),
 1449            (Type 	=> regular,
 1450            name 	=> o_task7_5),
 1451            (Type 	=> regular,
 1452            name 	=> o_task7_6),
 1453            (Type 	=> regular,
 1454            name 	=> o_task7_7,
 1455            Timing_Requirements => (
 1456                Type 		  => Hard_Global_Deadline,
 1457                Deadline 	  => 978.2083087923304,
 1458                referenced_event => e_flow7))),
 1459        Event_Handlers => (
 1460            (Type         => Activity,
 1461            Input_Event         => e_flow7,
 1462            Output_Event        => o_task7_0,
 1463            Activity_Operation  => task7_0,
 1464            Activity_Server     => task7_0),
 1465            (Type         => Activity,
 1466            Input_Event         => o_task7_0,
 1467            Output_Event        => o_task7_1,
 1468            Activity_Operation  => task7_1,
 1469            Activity_Server     => task7_1),
 1470            (Type         => Activity,
 1471            Input_Event         => o_task7_1,
 1472            Output_Event        => o_task7_2,
 1473            Activity_Operation  => task7_2,
 1474            Activity_Server     => task7_2),
 1475            (Type         => Activity,
 1476            Input_Event         => o_task7_2,
 1477            Output_Event        => o_task7_3,
 1478            Activity_Operation  => task7_3,
 1479            Activity_Server     => task7_3),
 1480            (Type         => Activity,
 1481            Input_Event         => o_task7_3,
 1482            Output_Event        => o_task7_4,
 1483            Activity_Operation  => task7_4,
 1484            Activity_Server     => task7_4),
 1485            (Type         => Activity,
 1486            Input_Event         => o_task7_4,
 1487            Output_Event        => o_task7_5,
 1488            Activity_Operation  => task7_5,
 1489            Activity_Server     => task7_5),
 1490            (Type         => Activity,
 1491            Input_Event         => o_task7_5,
 1492            Output_Event        => o_task7_6,
 1493            Activity_Operation  => task7_6,
 1494            Activity_Server     => task7_6),
 1495            (Type         => Activity,
 1496            Input_Event         => o_task7_6,
 1497            Output_Event        => o_task7_7,
 1498            Activity_Operation  => task7_7,
 1499            Activity_Server     => task7_7)));
